<?xml version="1.0" encoding="UTF-8"?>
<!-- Generated by org.testng.reporters.JUnitXMLReporter -->
<testsuite ignored="0" hostname="SKHAREED-LAP" failures="0" tests="3" name="Test" time="53.185" errors="0" timestamp="2019-10-22T22:23:08 IST">
  <testcase classname="tests.LoginPageTest" name="loginPageTitleTest" time="1.833"/>
  <testcase classname="tests.LoginPageTest" name="showPswdDispTest" time="1.544"/>
  <testcase classname="tests.LoginPageTest" name="doLoginTest" time="8.132"/>
</testsuite> <!-- Test -->
