<?xml version="1.0" encoding="UTF-8"?>
<testng-results ignored="0" total="3" passed="3" failed="0" skipped="0">
  <reporter-output>
  </reporter-output>
  <suite started-at="2019-10-22T22:22:15 IST" name="Suite" finished-at="2019-10-22T22:23:08 IST" duration-ms="53185">
    <groups>
    </groups>
    <test started-at="2019-10-22T22:22:15 IST" name="Test" finished-at="2019-10-22T22:23:08 IST" duration-ms="53185">
      <class name="tests.LoginPageTest">
        <test-method is-config="true" signature="setUp()[pri:0, instance:tests.LoginPageTest@16150369]" started-at="2019-10-22T22:22:15 IST" name="setUp" finished-at="2019-10-22T22:22:30 IST" duration-ms="14700" status="PASS">
          <reporter-output>
          </reporter-output>
        </test-method> <!-- setUp -->
        <test-method signature="loginPageTitleTest()[pri:1, instance:tests.LoginPageTest@16150369]" started-at="2019-10-22T22:22:30 IST" name="loginPageTitleTest" finished-at="2019-10-22T22:22:32 IST" duration-ms="1833" status="PASS">
          <reporter-output>
          </reporter-output>
        </test-method> <!-- loginPageTitleTest -->
        <test-method is-config="true" signature="tearDown()[pri:0, instance:tests.LoginPageTest@16150369]" started-at="2019-10-22T22:22:32 IST" name="tearDown" finished-at="2019-10-22T22:22:33 IST" duration-ms="1476" status="PASS">
          <reporter-output>
          </reporter-output>
        </test-method> <!-- tearDown -->
        <test-method is-config="true" signature="setUp()[pri:0, instance:tests.LoginPageTest@16150369]" started-at="2019-10-22T22:22:33 IST" name="setUp" finished-at="2019-10-22T22:22:45 IST" duration-ms="11370" status="PASS">
          <reporter-output>
          </reporter-output>
        </test-method> <!-- setUp -->
        <test-method signature="showPswdDispTest()[pri:2, instance:tests.LoginPageTest@16150369]" started-at="2019-10-22T22:22:45 IST" name="showPswdDispTest" finished-at="2019-10-22T22:22:46 IST" duration-ms="1544" status="PASS">
          <reporter-output>
          </reporter-output>
        </test-method> <!-- showPswdDispTest -->
        <test-method is-config="true" signature="tearDown()[pri:0, instance:tests.LoginPageTest@16150369]" started-at="2019-10-22T22:22:46 IST" name="tearDown" finished-at="2019-10-22T22:22:47 IST" duration-ms="1181" status="PASS">
          <reporter-output>
          </reporter-output>
        </test-method> <!-- tearDown -->
        <test-method is-config="true" signature="setUp()[pri:0, instance:tests.LoginPageTest@16150369]" started-at="2019-10-22T22:22:47 IST" name="setUp" finished-at="2019-10-22T22:22:59 IST" duration-ms="11475" status="PASS">
          <reporter-output>
          </reporter-output>
        </test-method> <!-- setUp -->
        <test-method signature="doLoginTest()[pri:3, instance:tests.LoginPageTest@16150369]" started-at="2019-10-22T22:22:59 IST" name="doLoginTest" finished-at="2019-10-22T22:23:07 IST" duration-ms="8132" status="PASS">
          <reporter-output>
          </reporter-output>
        </test-method> <!-- doLoginTest -->
        <test-method is-config="true" signature="tearDown()[pri:0, instance:tests.LoginPageTest@16150369]" started-at="2019-10-22T22:23:07 IST" name="tearDown" finished-at="2019-10-22T22:23:08 IST" duration-ms="1381" status="PASS">
          <reporter-output>
          </reporter-output>
        </test-method> <!-- tearDown -->
      </class> <!-- tests.LoginPageTest -->
    </test> <!-- Test -->
  </suite> <!-- Suite -->
</testng-results>
